d:\csgoo\otc\release\onetap.pch
d:\csgoo\otc\release\vc142.pdb
d:\csgoo\otc\release\pch.obj
d:\csgoo\otc\release\utils.obj
d:\csgoo\otc\release\segmentutils.obj
d:\csgoo\otc\release\segmentheadermanager.obj
d:\csgoo\otc\release\segment.obj
d:\csgoo\otc\release\patchmanager.obj
d:\csgoo\otc\release\gameutils.obj
d:\csgoo\otc\release\dllmain.obj
d:\csgoo\otc\dll release\onetap.dll
d:\csgoo\otc\dll release\onetap.pdb
d:\csgoo\otc\dll release\onetap.ipdb
d:\csgoo\otc\dll release\onetap.iobj
d:\csgoo\otc\release\onetap.su v2.tlog\cl.command.1.tlog
d:\csgoo\otc\release\onetap.su v2.tlog\cl.read.1.tlog
d:\csgoo\otc\release\onetap.su v2.tlog\cl.write.1.tlog
d:\csgoo\otc\release\onetap.su v2.tlog\link.command.1.tlog
d:\csgoo\otc\release\onetap.su v2.tlog\link.read.1.tlog
d:\csgoo\otc\release\onetap.su v2.tlog\link.write.1.tlog
d:\csgoo\otc\release\onetap.su v2.tlog\onetap.su v2.write.1u.tlog
